# JRE version: Java(TM) SE Runtime Environment (21.0.7+8) (build 21.0.7+8-LTS-245)
# Java VM: Java HotSpot(TM) 64-Bit Server VM (21.0.7+8-LTS-245, mixed mode, sharing, tiered, compressed oops, compressed class ptrs, g1 gc, windows-amd64)
GC Precious Log:
 CardTable entry size: 512
 Card Set container configuration: InlinePtr #cards 5 size 8 Array Of Cards #cards 12 size 40 Howl #buckets 4 coarsen threshold 1843 Howl Bitmap #cards 512 size 80 coarsen threshold 460 Card regions per heap region 1 cards per card region 2048
 CPUs: 4 total, 4 available
 Memory: 7834M
 Large Page Support: Disabled
 NUMA Support: Disabled
 Compressed Oops: Enabled (32-bit)
 Heap Region Size: 1M
 Heap Min Capacity: 8M
 Heap Initial Capacity: 124M
 Heap Max Capacity: 2G
 Pre-touch: Disabled
 Parallel Workers: 4
 Concurrent Workers: 1
 Concurrent Refinement Workers: 4
 Periodic GC: Disabled
Heap:
 garbage-first heap   total 138240K, used 88584K [0x0000000080000000, 0x0000000100000000)
  region size 1024K, 14 young (14336K), 3 survivors (3072K)
 Metaspace       used 70296K, committed 72320K, reserved 1114112K
  class space    used 9573K, committed 10624K, reserved 1048576K
GC Heap History (20 events):
Event: 86.691 GC heap before
{Heap before GC invocations=19 (full 0):
 garbage-first heap   total 86016K, used 75599K [0x0000000080000000, 0x0000000100000000)
  region size 1024K, 31 young (31744K), 3 survivors (3072K)
 Metaspace       used 55528K, committed 57408K, reserved 1114112K
  class space    used 7768K, committed 8704K, reserved 1048576K
}
Event: 86.699 GC heap after
{Heap after GC invocations=20 (full 0):
 garbage-first heap   total 86016K, used 48458K [0x0000000080000000, 0x0000000100000000)
  region size 1024K, 3 young (3072K), 3 survivors (3072K)
 Metaspace       used 55528K, committed 57408K, reserved 1114112K
  class space    used 7768K, committed 8704K, reserved 1048576K
}
Event: 88.078 GC heap before
{Heap before GC invocations=21 (full 0):
 garbage-first heap   total 86016K, used 76106K [0x0000000080000000, 0x0000000100000000)
  region size 1024K, 31 young (31744K), 3 survivors (3072K)
 Metaspace       used 55534K, committed 57408K, reserved 1114112K
  class space    used 7768K, committed 8704K, reserved 1048576K
}
Event: 88.084 GC heap after
{Heap after GC invocations=22 (full 0):
 garbage-first heap   total 86016K, used 49131K [0x0000000080000000, 0x0000000100000000)
  region size 1024K, 3 young (3072K), 3 survivors (3072K)
 Metaspace       used 55534K, committed 57408K, reserved 1114112K
  class space    used 7768K, committed 8704K, reserved 1048576K
}
Event: 89.705 GC heap before
{Heap before GC invocations=22 (full 0):
 garbage-first heap   total 86016K, used 81899K [0x0000000080000000, 0x0000000100000000)
  region size 1024K, 30 young (30720K), 3 survivors (3072K)
 Metaspace       used 55969K, committed 57792K, reserved 1114112K
  class space    used 7832K, committed 8768K, reserved 1048576K
}
Event: 89.729 GC heap after
{Heap after GC invocations=23 (full 0):
 garbage-first heap   total 89088K, used 56818K [0x0000000080000000, 0x0000000100000000)
  region size 1024K, 4 young (4096K), 4 survivors (4096K)
 Metaspace       used 55969K, committed 57792K, reserved 1114112K
  class space    used 7832K, committed 8768K, reserved 1048576K
}
Event: 90.229 GC heap before
{Heap before GC invocations=23 (full 0):
 garbage-first heap   total 89088K, used 58866K [0x0000000080000000, 0x0000000100000000)
  region size 1024K, 7 young (7168K), 4 survivors (4096K)
 Metaspace       used 56186K, committed 57984K, reserved 1114112K
  class space    used 7869K, committed 8768K, reserved 1048576K
}
Event: 90.235 GC heap after
{Heap after GC invocations=24 (full 0):
 garbage-first heap   total 89088K, used 57626K [0x0000000080000000, 0x0000000100000000)
  region size 1024K, 1 young (1024K), 1 survivors (1024K)
 Metaspace       used 56186K, committed 57984K, reserved 1114112K
  class space    used 7869K, committed 8768K, reserved 1048576K
}
Event: 93.872 GC heap before
{Heap before GC invocations=25 (full 0):
 garbage-first heap   total 104448K, used 87322K [0x0000000080000000, 0x0000000100000000)
  region size 1024K, 23 young (23552K), 1 survivors (1024K)
 Metaspace       used 57287K, committed 59072K, reserved 1114112K
  class space    used 7993K, committed 8896K, reserved 1048576K
}
Event: 93.878 GC heap after
{Heap after GC invocations=26 (full 0):
 garbage-first heap   total 104448K, used 70656K [0x0000000080000000, 0x0000000100000000)
  region size 1024K, 3 young (3072K), 3 survivors (3072K)
 Metaspace       used 57287K, committed 59072K, reserved 1114112K
  class space    used 7993K, committed 8896K, reserved 1048576K
}
Event: 96.973 GC heap before
{Heap before GC invocations=26 (full 0):
 garbage-first heap   total 104448K, used 91136K [0x0000000080000000, 0x0000000100000000)
  region size 1024K, 24 young (24576K), 3 survivors (3072K)
 Metaspace       used 59149K, committed 60992K, reserved 1114112K
  class space    used 8218K, committed 9152K, reserved 1048576K
}
Event: 96.985 GC heap after
{Heap after GC invocations=27 (full 0):
 garbage-first heap   total 104448K, used 70080K [0x0000000080000000, 0x0000000100000000)
  region size 1024K, 1 young (1024K), 1 survivors (1024K)
 Metaspace       used 59149K, committed 60992K, reserved 1114112K
  class space    used 8218K, committed 9152K, reserved 1048576K
}
Event: 98.835 GC heap before
{Heap before GC invocations=27 (full 0):
 garbage-first heap   total 104448K, used 91584K [0x0000000080000000, 0x0000000100000000)
  region size 1024K, 23 young (23552K), 1 survivors (1024K)
 Metaspace       used 61504K, committed 63360K, reserved 1114112K
  class space    used 8447K, committed 9408K, reserved 1048576K
}
Event: 98.839 GC heap after
{Heap after GC invocations=28 (full 0):
 garbage-first heap   total 104448K, used 70455K [0x0000000080000000, 0x0000000100000000)
  region size 1024K, 2 young (2048K), 2 survivors (2048K)
 Metaspace       used 61504K, committed 63360K, reserved 1114112K
  class space    used 8447K, committed 9408K, reserved 1048576K
}
Event: 104.561 GC heap before
{Heap before GC invocations=29 (full 0):
 garbage-first heap   total 124928K, used 94007K [0x0000000080000000, 0x0000000100000000)
  region size 1024K, 25 young (25600K), 2 survivors (2048K)
 Metaspace       used 63846K, committed 65792K, reserved 1114112K
  class space    used 8729K, committed 9664K, reserved 1048576K
}
Event: 104.571 GC heap after
{Heap after GC invocations=30 (full 0):
 garbage-first heap   total 124928K, used 71344K [0x0000000080000000, 0x0000000100000000)
  region size 1024K, 3 young (3072K), 3 survivors (3072K)
 Metaspace       used 63846K, committed 65792K, reserved 1114112K
  class space    used 8729K, committed 9664K, reserved 1048576K
}
Event: 109.239 GC heap before
{Heap before GC invocations=30 (full 0):
 garbage-first heap   total 124928K, used 112304K [0x0000000080000000, 0x0000000100000000)
  region size 1024K, 39 young (39936K), 3 survivors (3072K)
 Metaspace       used 66974K, committed 68928K, reserved 1114112K
  class space    used 9175K, committed 10176K, reserved 1048576K
}
Event: 109.261 GC heap after
{Heap after GC invocations=31 (full 0):
 garbage-first heap   total 124928K, used 75720K [0x0000000080000000, 0x0000000100000000)
  region size 1024K, 5 young (5120K), 5 survivors (5120K)
 Metaspace       used 66974K, committed 68928K, reserved 1114112K
  class space    used 9175K, committed 10176K, reserved 1048576K
}
Event: 112.450 GC heap before
{Heap before GC invocations=31 (full 0):
 garbage-first heap   total 124928K, used 110536K [0x0000000080000000, 0x0000000100000000)
  region size 1024K, 39 young (39936K), 5 survivors (5120K)
 Metaspace       used 69555K, committed 71552K, reserved 1114112K
  class space    used 9487K, committed 10496K, reserved 1048576K
}
Event: 112.463 GC heap after
{Heap after GC invocations=32 (full 0):
 garbage-first heap   total 124928K, used 78344K [0x0000000080000000, 0x0000000100000000)
  region size 1024K, 3 young (3072K), 3 survivors (3072K)
 Metaspace       used 69555K, committed 71552K, reserved 1114112K
  class space    used 9487K, committed 10496K, reserved 1048576K
}

