# JRE version: Java(TM) SE Runtime Environment (21.0.7+8) (build 21.0.7+8-LTS-245)
# Java VM: Java HotSpot(TM) 64-Bit Server VM (21.0.7+8-LTS-245, mixed mode, sharing, tiered, compressed oops, compressed class ptrs, g1 gc, windows-amd64)
GC Precious Log:
 CardTable entry size: 512
 Card Set container configuration: InlinePtr #cards 5 size 8 Array Of Cards #cards 12 size 40 Howl #buckets 4 coarsen threshold 1843 Howl Bitmap #cards 512 size 80 coarsen threshold 460 Card regions per heap region 1 cards per card region 2048
 CPUs: 4 total, 4 available
 Memory: 7834M
 Large Page Support: Disabled
 NUMA Support: Disabled
 Compressed Oops: Enabled (32-bit)
 Heap Region Size: 1M
 Heap Min Capacity: 8M
 Heap Initial Capacity: 124M
 Heap Max Capacity: 2G
 Pre-touch: Disabled
 Parallel Workers: 4
 Concurrent Workers: 1
 Concurrent Refinement Workers: 4
 Periodic GC: Disabled
Heap:
 garbage-first heap   total 124928K, used 84672K [0x0000000080000000, 0x0000000100000000)
  region size 1024K, 13 young (13312K), 5 survivors (5120K)
 Metaspace       used 67681K, committed 69696K, reserved 1114112K
  class space    used 9263K, committed 10304K, reserved 1048576K
GC Heap History (20 events):
Event: 24.752 GC heap before
{Heap before GC invocations=17 (full 0):
 garbage-first heap   total 89088K, used 77623K [0x0000000080000000, 0x0000000100000000)
  region size 1024K, 31 young (31744K), 3 survivors (3072K)
 Metaspace       used 55333K, committed 57088K, reserved 1114112K
  class space    used 7770K, committed 8704K, reserved 1048576K
}
Event: 24.758 GC heap after
{Heap after GC invocations=18 (full 0):
 garbage-first heap   total 89088K, used 49948K [0x0000000080000000, 0x0000000100000000)
  region size 1024K, 3 young (3072K), 3 survivors (3072K)
 Metaspace       used 55333K, committed 57088K, reserved 1114112K
  class space    used 7770K, committed 8704K, reserved 1048576K
}
Event: 25.174 GC heap before
{Heap before GC invocations=18 (full 0):
 garbage-first heap   total 89088K, used 79644K [0x0000000080000000, 0x0000000100000000)
  region size 1024K, 32 young (32768K), 3 survivors (3072K)
 Metaspace       used 55435K, committed 57280K, reserved 1114112K
  class space    used 7770K, committed 8704K, reserved 1048576K
}
Event: 25.178 GC heap after
{Heap after GC invocations=19 (full 0):
 garbage-first heap   total 89088K, used 50827K [0x0000000080000000, 0x0000000100000000)
  region size 1024K, 3 young (3072K), 3 survivors (3072K)
 Metaspace       used 55435K, committed 57280K, reserved 1114112K
  class space    used 7770K, committed 8704K, reserved 1048576K
}
Event: 25.834 GC heap before
{Heap before GC invocations=20 (full 0):
 garbage-first heap   total 91136K, used 78475K [0x0000000080000000, 0x0000000100000000)
  region size 1024K, 31 young (31744K), 3 survivors (3072K)
 Metaspace       used 55459K, committed 57280K, reserved 1114112K
  class space    used 7771K, committed 8704K, reserved 1048576K
}
Event: 25.839 GC heap after
{Heap after GC invocations=21 (full 0):
 garbage-first heap   total 91136K, used 51300K [0x0000000080000000, 0x0000000100000000)
  region size 1024K, 3 young (3072K), 3 survivors (3072K)
 Metaspace       used 55459K, committed 57280K, reserved 1114112K
  class space    used 7771K, committed 8704K, reserved 1048576K
}
Event: 26.180 GC heap before
{Heap before GC invocations=21 (full 0):
 garbage-first heap   total 91136K, used 79972K [0x0000000080000000, 0x0000000100000000)
  region size 1024K, 32 young (32768K), 3 survivors (3072K)
 Metaspace       used 55465K, committed 57280K, reserved 1114112K
  class space    used 7771K, committed 8704K, reserved 1048576K
}
Event: 26.185 GC heap after
{Heap after GC invocations=22 (full 0):
 garbage-first heap   total 91136K, used 50261K [0x0000000080000000, 0x0000000100000000)
  region size 1024K, 3 young (3072K), 3 survivors (3072K)
 Metaspace       used 55465K, committed 57280K, reserved 1114112K
  class space    used 7771K, committed 8704K, reserved 1048576K
}
Event: 27.098 GC heap before
{Heap before GC invocations=22 (full 0):
 garbage-first heap   total 91136K, used 66645K [0x0000000080000000, 0x0000000100000000)
  region size 1024K, 21 young (21504K), 3 survivors (3072K)
 Metaspace       used 55704K, committed 57472K, reserved 1114112K
  class space    used 7796K, committed 8704K, reserved 1048576K
}
Event: 27.103 GC heap after
{Heap after GC invocations=23 (full 0):
 garbage-first heap   total 109568K, used 50860K [0x0000000080000000, 0x0000000100000000)
  region size 1024K, 3 young (3072K), 3 survivors (3072K)
 Metaspace       used 55704K, committed 57472K, reserved 1114112K
  class space    used 7796K, committed 8704K, reserved 1048576K
}
Event: 27.123 GC heap before
{Heap before GC invocations=23 (full 0):
 garbage-first heap   total 109568K, used 51884K [0x0000000080000000, 0x0000000100000000)
  region size 1024K, 4 young (4096K), 3 survivors (3072K)
 Metaspace       used 55706K, committed 57472K, reserved 1114112K
  class space    used 7797K, committed 8704K, reserved 1048576K
}
Event: 27.128 GC heap after
{Heap after GC invocations=24 (full 0):
 garbage-first heap   total 109568K, used 52274K [0x0000000080000000, 0x0000000100000000)
  region size 1024K, 4 young (4096K), 4 survivors (4096K)
 Metaspace       used 55706K, committed 57472K, reserved 1114112K
  class space    used 7797K, committed 8704K, reserved 1048576K
}
Event: 30.768 GC heap before
{Heap before GC invocations=25 (full 0):
 garbage-first heap   total 109568K, used 104498K [0x0000000080000000, 0x0000000100000000)
  region size 1024K, 43 young (44032K), 4 survivors (4096K)
 Metaspace       used 58207K, committed 60032K, reserved 1114112K
  class space    used 8126K, committed 9024K, reserved 1048576K
}
Event: 30.781 GC heap after
{Heap after GC invocations=26 (full 0):
 garbage-first heap   total 117760K, used 71909K [0x0000000080000000, 0x0000000100000000)
  region size 1024K, 6 young (6144K), 6 survivors (6144K)
 Metaspace       used 58207K, committed 60032K, reserved 1114112K
  class space    used 8126K, committed 9024K, reserved 1048576K
}
Event: 34.498 GC heap before
{Heap before GC invocations=26 (full 0):
 garbage-first heap   total 117760K, used 101605K [0x0000000080000000, 0x0000000100000000)
  region size 1024K, 36 young (36864K), 6 survivors (6144K)
 Metaspace       used 61367K, committed 63296K, reserved 1114112K
  class space    used 8448K, committed 9408K, reserved 1048576K
}
Event: 34.504 GC heap after
{Heap after GC invocations=27 (full 0):
 garbage-first heap   total 117760K, used 72335K [0x0000000080000000, 0x0000000100000000)
  region size 1024K, 2 young (2048K), 2 survivors (2048K)
 Metaspace       used 61367K, committed 63296K, reserved 1114112K
  class space    used 8448K, committed 9408K, reserved 1048576K
}
Event: 36.887 GC heap before
{Heap before GC invocations=27 (full 0):
 garbage-first heap   total 117760K, used 103055K [0x0000000080000000, 0x0000000100000000)
  region size 1024K, 33 young (33792K), 2 survivors (2048K)
 Metaspace       used 64708K, committed 66688K, reserved 1114112K
  class space    used 8881K, committed 9920K, reserved 1048576K
}
Event: 36.893 GC heap after
{Heap after GC invocations=28 (full 0):
 garbage-first heap   total 117760K, used 73180K [0x0000000080000000, 0x0000000100000000)
  region size 1024K, 2 young (2048K), 2 survivors (2048K)
 Metaspace       used 64708K, committed 66688K, reserved 1114112K
  class space    used 8881K, committed 9920K, reserved 1048576K
}
Event: 39.629 GC heap before
{Heap before GC invocations=29 (full 0):
 garbage-first heap   total 124928K, used 110044K [0x0000000080000000, 0x0000000100000000)
  region size 1024K, 34 young (34816K), 2 survivors (2048K)
 Metaspace       used 67067K, committed 69120K, reserved 1114112K
  class space    used 9200K, committed 10240K, reserved 1048576K
}
Event: 39.636 GC heap after
{Heap after GC invocations=30 (full 0):
 garbage-first heap   total 124928K, used 78528K [0x0000000080000000, 0x0000000100000000)
  region size 1024K, 5 young (5120K), 5 survivors (5120K)
 Metaspace       used 67067K, committed 69120K, reserved 1114112K
  class space    used 9200K, committed 10240K, reserved 1048576K
}

