# JRE version: Java(TM) SE Runtime Environment (21.0.7+8) (build 21.0.7+8-LTS-245)
# Java VM: Java HotSpot(TM) 64-Bit Server VM (21.0.7+8-LTS-245, mixed mode, sharing, tiered, compressed oops, compressed class ptrs, g1 gc, windows-amd64)
GC Precious Log:
 CardTable entry size: 512
 Card Set container configuration: InlinePtr #cards 5 size 8 Array Of Cards #cards 12 size 40 Howl #buckets 4 coarsen threshold 1843 Howl Bitmap #cards 512 size 80 coarsen threshold 460 Card regions per heap region 1 cards per card region 2048
 CPUs: 4 total, 4 available
 Memory: 7834M
 Large Page Support: Disabled
 NUMA Support: Disabled
 Compressed Oops: Enabled (32-bit)
 Heap Region Size: 1M
 Heap Min Capacity: 8M
 Heap Initial Capacity: 124M
 Heap Max Capacity: 2G
 Pre-touch: Disabled
 Parallel Workers: 4
 Concurrent Workers: 1
 Concurrent Refinement Workers: 4
 Periodic GC: Disabled
Heap:
 garbage-first heap   total 245760K, used 173506K [0x0000000080000000, 0x0000000100000000)
  region size 1024K, 49 young (50176K), 8 survivors (8192K)
 Metaspace       used 108440K, committed 110912K, reserved 1179648K
  class space    used 14763K, committed 16000K, reserved 1048576K
GC Heap History (20 events):
Event: 25.298 GC heap before
{Heap before GC invocations=39 (full 0):
 garbage-first heap   total 196608K, used 157161K [0x0000000080000000, 0x0000000100000000)
  region size 1024K, 59 young (60416K), 5 survivors (5120K)
 Metaspace       used 100471K, committed 102784K, reserved 1179648K
  class space    used 13763K, committed 14912K, reserved 1048576K
}
Event: 25.314 GC heap after
{Heap after GC invocations=40 (full 0):
 garbage-first heap   total 196608K, used 109899K [0x0000000080000000, 0x0000000100000000)
  region size 1024K, 10 young (10240K), 10 survivors (10240K)
 Metaspace       used 100471K, committed 102784K, reserved 1179648K
  class space    used 13763K, committed 14912K, reserved 1048576K
}
Event: 26.636 GC heap before
{Heap before GC invocations=41 (full 0):
 garbage-first heap   total 203776K, used 179531K [0x0000000080000000, 0x0000000100000000)
  region size 1024K, 73 young (74752K), 10 survivors (10240K)
 Metaspace       used 103591K, committed 105984K, reserved 1179648K
  class space    used 14104K, committed 15296K, reserved 1048576K
}
Event: 26.655 GC heap after
{Heap after GC invocations=42 (full 0):
 garbage-first heap   total 203776K, used 117472K [0x0000000080000000, 0x0000000100000000)
  region size 1024K, 8 young (8192K), 8 survivors (8192K)
 Metaspace       used 103591K, committed 105984K, reserved 1179648K
  class space    used 14104K, committed 15296K, reserved 1048576K
}
Event: 27.199 GC heap before
{Heap before GC invocations=42 (full 0):
 garbage-first heap   total 203776K, used 181984K [0x0000000080000000, 0x0000000100000000)
  region size 1024K, 72 young (73728K), 8 survivors (8192K)
 Metaspace       used 103611K, committed 105984K, reserved 1179648K
  class space    used 14105K, committed 15296K, reserved 1048576K
}
Event: 27.211 GC heap after
{Heap after GC invocations=43 (full 0):
 garbage-first heap   total 203776K, used 119547K [0x0000000080000000, 0x0000000100000000)
  region size 1024K, 5 young (5120K), 5 survivors (5120K)
 Metaspace       used 103611K, committed 105984K, reserved 1179648K
  class space    used 14105K, committed 15296K, reserved 1048576K
}
Event: 27.682 GC heap before
{Heap before GC invocations=43 (full 0):
 garbage-first heap   total 203776K, used 185083K [0x0000000080000000, 0x0000000100000000)
  region size 1024K, 69 young (70656K), 5 survivors (5120K)
 Metaspace       used 103658K, committed 106048K, reserved 1179648K
  class space    used 14105K, committed 15296K, reserved 1048576K
}
Event: 27.690 GC heap after
{Heap after GC invocations=44 (full 0):
 garbage-first heap   total 203776K, used 120265K [0x0000000080000000, 0x0000000100000000)
  region size 1024K, 6 young (6144K), 6 survivors (6144K)
 Metaspace       used 103658K, committed 106048K, reserved 1179648K
  class space    used 14105K, committed 15296K, reserved 1048576K
}
Event: 29.114 GC heap before
{Heap before GC invocations=45 (full 0):
 garbage-first heap   total 224256K, used 184777K [0x0000000080000000, 0x0000000100000000)
  region size 1024K, 69 young (70656K), 6 survivors (6144K)
 Metaspace       used 104169K, committed 106496K, reserved 1179648K
  class space    used 14201K, committed 15360K, reserved 1048576K
}
Event: 29.126 GC heap after
{Heap after GC invocations=46 (full 0):
 garbage-first heap   total 224256K, used 122845K [0x0000000080000000, 0x0000000100000000)
  region size 1024K, 7 young (7168K), 7 survivors (7168K)
 Metaspace       used 104169K, committed 106496K, reserved 1179648K
  class space    used 14201K, committed 15360K, reserved 1048576K
}
Event: 30.252 GC heap before
{Heap before GC invocations=46 (full 0):
 garbage-first heap   total 224256K, used 203741K [0x0000000080000000, 0x0000000100000000)
  region size 1024K, 86 young (88064K), 7 survivors (7168K)
 Metaspace       used 104207K, committed 106560K, reserved 1179648K
  class space    used 14202K, committed 15360K, reserved 1048576K
}
Event: 30.268 GC heap after
{Heap after GC invocations=47 (full 0):
 garbage-first heap   total 224256K, used 123097K [0x0000000080000000, 0x0000000100000000)
  region size 1024K, 7 young (7168K), 7 survivors (7168K)
 Metaspace       used 104207K, committed 106560K, reserved 1179648K
  class space    used 14202K, committed 15360K, reserved 1048576K
}
Event: 31.679 GC heap before
{Heap before GC invocations=47 (full 0):
 garbage-first heap   total 224256K, used 202969K [0x0000000080000000, 0x0000000100000000)
  region size 1024K, 86 young (88064K), 7 survivors (7168K)
 Metaspace       used 104316K, committed 106688K, reserved 1179648K
  class space    used 14219K, committed 15424K, reserved 1048576K
}
Event: 31.695 GC heap after
{Heap after GC invocations=48 (full 0):
 garbage-first heap   total 224256K, used 125735K [0x0000000080000000, 0x0000000100000000)
  region size 1024K, 7 young (7168K), 7 survivors (7168K)
 Metaspace       used 104316K, committed 106688K, reserved 1179648K
  class space    used 14219K, committed 15424K, reserved 1048576K
}
Event: 33.335 GC heap before
{Heap before GC invocations=49 (full 0):
 garbage-first heap   total 224256K, used 203559K [0x0000000080000000, 0x0000000100000000)
  region size 1024K, 84 young (86016K), 7 survivors (7168K)
 Metaspace       used 105965K, committed 108352K, reserved 1179648K
  class space    used 14448K, committed 15616K, reserved 1048576K
}
Event: 33.347 GC heap after
{Heap after GC invocations=50 (full 0):
 garbage-first heap   total 224256K, used 130048K [0x0000000080000000, 0x0000000100000000)
  region size 1024K, 9 young (9216K), 9 survivors (9216K)
 Metaspace       used 105965K, committed 108352K, reserved 1179648K
  class space    used 14448K, committed 15616K, reserved 1048576K
}
Event: 34.145 GC heap before
{Heap before GC invocations=50 (full 0):
 garbage-first heap   total 224256K, used 201728K [0x0000000080000000, 0x0000000100000000)
  region size 1024K, 80 young (81920K), 9 survivors (9216K)
 Metaspace       used 107831K, committed 110208K, reserved 1179648K
  class space    used 14670K, committed 15872K, reserved 1048576K
}
Event: 34.162 GC heap after
{Heap after GC invocations=51 (full 0):
 garbage-first heap   total 224256K, used 131394K [0x0000000080000000, 0x0000000100000000)
  region size 1024K, 6 young (6144K), 6 survivors (6144K)
 Metaspace       used 107831K, committed 110208K, reserved 1179648K
  class space    used 14670K, committed 15872K, reserved 1048576K
}
Event: 34.964 GC heap before
{Heap before GC invocations=51 (full 0):
 garbage-first heap   total 224256K, used 204098K [0x0000000080000000, 0x0000000100000000)
  region size 1024K, 78 young (79872K), 6 survivors (6144K)
 Metaspace       used 108251K, committed 110720K, reserved 1179648K
  class space    used 14732K, committed 16000K, reserved 1048576K
}
Event: 34.979 GC heap after
{Heap after GC invocations=52 (full 0):
 garbage-first heap   total 224256K, used 133570K [0x0000000080000000, 0x0000000100000000)
  region size 1024K, 8 young (8192K), 8 survivors (8192K)
 Metaspace       used 108251K, committed 110720K, reserved 1179648K
  class space    used 14732K, committed 16000K, reserved 1048576K
}

