# JRE version: Java(TM) SE Runtime Environment (21.0.7+8) (build 21.0.7+8-LTS-245)
# Java VM: Java HotSpot(TM) 64-Bit Server VM (21.0.7+8-LTS-245, mixed mode, sharing, tiered, compressed oops, compressed class ptrs, g1 gc, windows-amd64)
GC Precious Log:
 CardTable entry size: 512
 Card Set container configuration: InlinePtr #cards 5 size 8 Array Of Cards #cards 12 size 40 Howl #buckets 4 coarsen threshold 1843 Howl Bitmap #cards 512 size 80 coarsen threshold 460 Card regions per heap region 1 cards per card region 2048
 CPUs: 4 total, 4 available
 Memory: 7834M
 Large Page Support: Disabled
 NUMA Support: Disabled
 Compressed Oops: Enabled (32-bit)
 Heap Region Size: 1M
 Heap Min Capacity: 8M
 Heap Initial Capacity: 124M
 Heap Max Capacity: 2G
 Pre-touch: Disabled
 Parallel Workers: 4
 Concurrent Workers: 1
 Concurrent Refinement Workers: 4
 Periodic GC: Disabled
Heap:
 garbage-first heap   total 157696K, used 126875K [0x0000000080000000, 0x0000000100000000)
  region size 1024K, 44 young (45056K), 8 survivors (8192K)
 Metaspace       used 92352K, committed 94592K, reserved 1179648K
  class space    used 12696K, committed 13824K, reserved 1048576K
GC Heap History (20 events):
Event: 81.699 GC heap before
{Heap before GC invocations=26 (full 0):
 garbage-first heap   total 122880K, used 115878K [0x0000000080000000, 0x0000000100000000)
  region size 1024K, 42 young (43008K), 2 survivors (2048K)
 Metaspace       used 66599K, committed 68672K, reserved 1114112K
  class space    used 9113K, committed 10176K, reserved 1048576K
}
Event: 81.707 GC heap after
{Heap after GC invocations=27 (full 0):
 garbage-first heap   total 124928K, used 75265K [0x0000000080000000, 0x0000000100000000)
  region size 1024K, 6 young (6144K), 6 survivors (6144K)
 Metaspace       used 66599K, committed 68672K, reserved 1114112K
  class space    used 9113K, committed 10176K, reserved 1048576K
}
Event: 83.574 GC heap before
{Heap before GC invocations=27 (full 0):
 garbage-first heap   total 124928K, used 111105K [0x0000000080000000, 0x0000000100000000)
  region size 1024K, 41 young (41984K), 6 survivors (6144K)
 Metaspace       used 69185K, committed 71232K, reserved 1114112K
  class space    used 9454K, committed 10496K, reserved 1048576K
}
Event: 83.586 GC heap after
{Heap after GC invocations=28 (full 0):
 garbage-first heap   total 124928K, used 77237K [0x0000000080000000, 0x0000000100000000)
  region size 1024K, 2 young (2048K), 2 survivors (2048K)
 Metaspace       used 69185K, committed 71232K, reserved 1114112K
  class space    used 9454K, committed 10496K, reserved 1048576K
}
Event: 87.383 GC heap before
{Heap before GC invocations=29 (full 0):
 garbage-first heap   total 132096K, used 114101K [0x0000000080000000, 0x0000000100000000)
  region size 1024K, 38 young (38912K), 2 survivors (2048K)
 Metaspace       used 72075K, committed 74176K, reserved 1114112K
  class space    used 9832K, committed 10880K, reserved 1048576K
}
Event: 87.390 GC heap after
{Heap after GC invocations=30 (full 0):
 garbage-first heap   total 132096K, used 78723K [0x0000000080000000, 0x0000000100000000)
  region size 1024K, 4 young (4096K), 4 survivors (4096K)
 Metaspace       used 72075K, committed 74176K, reserved 1114112K
  class space    used 9832K, committed 10880K, reserved 1048576K
}
Event: 95.051 GC heap before
{Heap before GC invocations=30 (full 0):
 garbage-first heap   total 132096K, used 122755K [0x0000000080000000, 0x0000000100000000)
  region size 1024K, 44 young (45056K), 4 survivors (4096K)
 Metaspace       used 76246K, committed 78336K, reserved 1179648K
  class space    used 10369K, committed 11456K, reserved 1048576K
}
Event: 95.064 GC heap after
{Heap after GC invocations=31 (full 0):
 garbage-first heap   total 132096K, used 83141K [0x0000000080000000, 0x0000000100000000)
  region size 1024K, 4 young (4096K), 4 survivors (4096K)
 Metaspace       used 76246K, committed 78336K, reserved 1179648K
  class space    used 10369K, committed 11456K, reserved 1048576K
}
Event: 97.922 GC heap before
{Heap before GC invocations=31 (full 0):
 garbage-first heap   total 132096K, used 120005K [0x0000000080000000, 0x0000000100000000)
  region size 1024K, 40 young (40960K), 4 survivors (4096K)
 Metaspace       used 78550K, committed 80640K, reserved 1179648K
  class space    used 10704K, committed 11776K, reserved 1048576K
}
Event: 97.933 GC heap after
{Heap after GC invocations=32 (full 0):
 garbage-first heap   total 132096K, used 85521K [0x0000000080000000, 0x0000000100000000)
  region size 1024K, 5 young (5120K), 5 survivors (5120K)
 Metaspace       used 78550K, committed 80640K, reserved 1179648K
  class space    used 10704K, committed 11776K, reserved 1048576K
}
Event: 98.475 GC heap before
{Heap before GC invocations=33 (full 0):
 garbage-first heap   total 157696K, used 116241K [0x0000000080000000, 0x0000000100000000)
  region size 1024K, 36 young (36864K), 5 survivors (5120K)
 Metaspace       used 78550K, committed 80640K, reserved 1179648K
  class space    used 10704K, committed 11776K, reserved 1048576K
}
Event: 98.487 GC heap after
{Heap after GC invocations=34 (full 0):
 garbage-first heap   total 157696K, used 88197K [0x0000000080000000, 0x0000000100000000)
  region size 1024K, 5 young (5120K), 5 survivors (5120K)
 Metaspace       used 78550K, committed 80640K, reserved 1179648K
  class space    used 10704K, committed 11776K, reserved 1048576K
}
Event: 103.118 GC heap before
{Heap before GC invocations=34 (full 0):
 garbage-first heap   total 157696K, used 142469K [0x0000000080000000, 0x0000000100000000)
  region size 1024K, 58 young (59392K), 5 survivors (5120K)
 Metaspace       used 82651K, committed 84800K, reserved 1179648K
  class space    used 11256K, committed 12352K, reserved 1048576K
}
Event: 103.128 GC heap after
{Heap after GC invocations=35 (full 0):
 garbage-first heap   total 157696K, used 87289K [0x0000000080000000, 0x0000000100000000)
  region size 1024K, 3 young (3072K), 3 survivors (3072K)
 Metaspace       used 82651K, committed 84800K, reserved 1179648K
  class space    used 11256K, committed 12352K, reserved 1048576K
}
Event: 103.254 GC heap before
{Heap before GC invocations=35 (full 0):
 garbage-first heap   total 157696K, used 89337K [0x0000000080000000, 0x0000000100000000)
  region size 1024K, 6 young (6144K), 3 survivors (3072K)
 Metaspace       used 82786K, committed 84992K, reserved 1179648K
  class space    used 11273K, committed 12352K, reserved 1048576K
}
Event: 103.259 GC heap after
{Heap after GC invocations=36 (full 0):
 garbage-first heap   total 157696K, used 87257K [0x0000000080000000, 0x0000000100000000)
  region size 1024K, 3 young (3072K), 3 survivors (3072K)
 Metaspace       used 82786K, committed 84992K, reserved 1179648K
  class space    used 11273K, committed 12352K, reserved 1048576K
}
Event: 107.996 GC heap before
{Heap before GC invocations=37 (full 0):
 garbage-first heap   total 157696K, used 145625K [0x0000000080000000, 0x0000000100000000)
  region size 1024K, 59 young (60416K), 3 survivors (3072K)
 Metaspace       used 87233K, committed 89344K, reserved 1179648K
  class space    used 12031K, committed 13120K, reserved 1048576K
}
Event: 108.003 GC heap after
{Heap after GC invocations=38 (full 0):
 garbage-first heap   total 157696K, used 88909K [0x0000000080000000, 0x0000000100000000)
  region size 1024K, 5 young (5120K), 5 survivors (5120K)
 Metaspace       used 87233K, committed 89344K, reserved 1179648K
  class space    used 12031K, committed 13120K, reserved 1048576K
}
Event: 110.246 GC heap before
{Heap before GC invocations=38 (full 0):
 garbage-first heap   total 157696K, used 142157K [0x0000000080000000, 0x0000000100000000)
  region size 1024K, 57 young (58368K), 5 survivors (5120K)
 Metaspace       used 90511K, committed 92800K, reserved 1179648K
  class space    used 12461K, committed 13632K, reserved 1048576K
}
Event: 110.261 GC heap after
{Heap after GC invocations=39 (full 0):
 garbage-first heap   total 157696K, used 92059K [0x0000000080000000, 0x0000000100000000)
  region size 1024K, 8 young (8192K), 8 survivors (8192K)
 Metaspace       used 90511K, committed 92800K, reserved 1179648K
  class space    used 12461K, committed 13632K, reserved 1048576K
}

