# JRE version: Java(TM) SE Runtime Environment (21.0.7+8) (build 21.0.7+8-LTS-245)
# Java VM: Java HotSpot(TM) 64-Bit Server VM (21.0.7+8-LTS-245, mixed mode, sharing, tiered, compressed oops, compressed class ptrs, g1 gc, windows-amd64)
GC Precious Log:
 CardTable entry size: 512
 Card Set container configuration: InlinePtr #cards 5 size 8 Array Of Cards #cards 12 size 40 Howl #buckets 4 coarsen threshold 1843 Howl Bitmap #cards 512 size 80 coarsen threshold 460 Card regions per heap region 1 cards per card region 2048
 CPUs: 4 total, 4 available
 Memory: 7834M
 Large Page Support: Disabled
 NUMA Support: Disabled
 Compressed Oops: Enabled (32-bit)
 Heap Region Size: 1M
 Heap Min Capacity: 8M
 Heap Initial Capacity: 124M
 Heap Max Capacity: 2G
 Pre-touch: Disabled
 Parallel Workers: 4
 Concurrent Workers: 1
 Concurrent Refinement Workers: 4
 Periodic GC: Disabled
Heap:
 garbage-first heap   total 224256K, used 142873K [0x0000000080000000, 0x0000000100000000)
  region size 1024K, 16 young (16384K), 8 survivors (8192K)
 Metaspace       used 107461K, committed 109760K, reserved 1179648K
  class space    used 14556K, committed 15744K, reserved 1048576K
GC Heap History (20 events):
Event: 130.014 GC heap before
{Heap before GC invocations=47 (full 0):
 garbage-first heap   total 174080K, used 155645K [0x0000000080000000, 0x0000000100000000)
  region size 1024K, 47 young (48128K), 7 survivors (7168K)
 Metaspace       used 103672K, committed 106048K, reserved 1179648K
  class space    used 14099K, committed 15296K, reserved 1048576K
}
Event: 130.442 GC heap after
{Heap after GC invocations=48 (full 0):
 garbage-first heap   total 174080K, used 118387K [0x0000000080000000, 0x0000000100000000)
  region size 1024K, 5 young (5120K), 5 survivors (5120K)
 Metaspace       used 103672K, committed 106048K, reserved 1179648K
  class space    used 14099K, committed 15296K, reserved 1048576K
}
Event: 141.756 GC heap before
{Heap before GC invocations=49 (full 0):
 garbage-first heap   total 208896K, used 155251K [0x0000000080000000, 0x0000000100000000)
  region size 1024K, 42 young (43008K), 5 survivors (5120K)
 Metaspace       used 103680K, committed 106048K, reserved 1179648K
  class space    used 14100K, committed 15296K, reserved 1048576K
}
Event: 141.773 GC heap after
{Heap after GC invocations=50 (full 0):
 garbage-first heap   total 208896K, used 119842K [0x0000000080000000, 0x0000000100000000)
  region size 1024K, 4 young (4096K), 4 survivors (4096K)
 Metaspace       used 103680K, committed 106048K, reserved 1179648K
  class space    used 14100K, committed 15296K, reserved 1048576K
}
Event: 148.644 GC heap before
{Heap before GC invocations=50 (full 0):
 garbage-first heap   total 208896K, used 189474K [0x0000000080000000, 0x0000000100000000)
  region size 1024K, 72 young (73728K), 4 survivors (4096K)
 Metaspace       used 104038K, committed 106432K, reserved 1179648K
  class space    used 14170K, committed 15360K, reserved 1048576K
}
Event: 148.662 GC heap after
{Heap after GC invocations=51 (full 0):
 garbage-first heap   total 208896K, used 121512K [0x0000000080000000, 0x0000000100000000)
  region size 1024K, 7 young (7168K), 7 survivors (7168K)
 Metaspace       used 104038K, committed 106432K, reserved 1179648K
  class space    used 14170K, committed 15360K, reserved 1048576K
}
Event: 155.294 GC heap before
{Heap before GC invocations=51 (full 0):
 garbage-first heap   total 208896K, used 189096K [0x0000000080000000, 0x0000000100000000)
  region size 1024K, 73 young (74752K), 7 survivors (7168K)
 Metaspace       used 104218K, committed 106560K, reserved 1179648K
  class space    used 14195K, committed 15360K, reserved 1048576K
}
Event: 155.324 GC heap after
{Heap after GC invocations=52 (full 0):
 garbage-first heap   total 208896K, used 124462K [0x0000000080000000, 0x0000000100000000)
  region size 1024K, 9 young (9216K), 9 survivors (9216K)
 Metaspace       used 104218K, committed 106560K, reserved 1179648K
  class space    used 14195K, committed 15360K, reserved 1048576K
}
Event: 160.761 GC heap before
{Heap before GC invocations=53 (full 0):
 garbage-first heap   total 219136K, used 185902K [0x0000000080000000, 0x0000000100000000)
  region size 1024K, 69 young (70656K), 9 survivors (9216K)
 Metaspace       used 104254K, committed 106560K, reserved 1179648K
  class space    used 14196K, committed 15360K, reserved 1048576K
}
Event: 160.783 GC heap after
{Heap after GC invocations=54 (full 0):
 garbage-first heap   total 219136K, used 126605K [0x0000000080000000, 0x0000000100000000)
  region size 1024K, 5 young (5120K), 5 survivors (5120K)
 Metaspace       used 104254K, committed 106560K, reserved 1179648K
  class space    used 14196K, committed 15360K, reserved 1048576K
}
Event: 178.127 GC heap before
{Heap before GC invocations=54 (full 0):
 garbage-first heap   total 219136K, used 200333K [0x0000000080000000, 0x0000000100000000)
  region size 1024K, 78 young (79872K), 5 survivors (5120K)
 Metaspace       used 107158K, committed 109440K, reserved 1179648K
  class space    used 14514K, committed 15680K, reserved 1048576K
}
Event: 178.156 GC heap after
{Heap after GC invocations=55 (full 0):
 garbage-first heap   total 219136K, used 125633K [0x0000000080000000, 0x0000000100000000)
  region size 1024K, 6 young (6144K), 6 survivors (6144K)
 Metaspace       used 107158K, committed 109440K, reserved 1179648K
  class space    used 14514K, committed 15680K, reserved 1048576K
}
Event: 180.273 GC heap before
{Heap before GC invocations=55 (full 0):
 garbage-first heap   total 219136K, used 199361K [0x0000000080000000, 0x0000000100000000)
  region size 1024K, 79 young (80896K), 6 survivors (6144K)
 Metaspace       used 107299K, committed 109632K, reserved 1179648K
  class space    used 14538K, committed 15744K, reserved 1048576K
}
Event: 180.294 GC heap after
{Heap after GC invocations=56 (full 0):
 garbage-first heap   total 219136K, used 131730K [0x0000000080000000, 0x0000000100000000)
  region size 1024K, 10 young (10240K), 10 survivors (10240K)
 Metaspace       used 107299K, committed 109632K, reserved 1179648K
  class space    used 14538K, committed 15744K, reserved 1048576K
}
Event: 182.910 GC heap before
{Heap before GC invocations=57 (full 0):
 garbage-first heap   total 224256K, used 195218K [0x0000000080000000, 0x0000000100000000)
  region size 1024K, 73 young (74752K), 10 survivors (10240K)
 Metaspace       used 107332K, committed 109632K, reserved 1179648K
  class space    used 14542K, committed 15744K, reserved 1048576K
}
Event: 182.936 GC heap after
{Heap after GC invocations=58 (full 0):
 garbage-first heap   total 224256K, used 133699K [0x0000000080000000, 0x0000000100000000)
  region size 1024K, 5 young (5120K), 5 survivors (5120K)
 Metaspace       used 107332K, committed 109632K, reserved 1179648K
  class space    used 14542K, committed 15744K, reserved 1048576K
}
Event: 185.061 GC heap before
{Heap before GC invocations=58 (full 0):
 garbage-first heap   total 224256K, used 204355K [0x0000000080000000, 0x0000000100000000)
  region size 1024K, 75 young (76800K), 5 survivors (5120K)
 Metaspace       used 107345K, committed 109696K, reserved 1179648K
  class space    used 14542K, committed 15744K, reserved 1048576K
}
Event: 185.076 GC heap after
{Heap after GC invocations=59 (full 0):
 garbage-first heap   total 224256K, used 132901K [0x0000000080000000, 0x0000000100000000)
  region size 1024K, 6 young (6144K), 6 survivors (6144K)
 Metaspace       used 107345K, committed 109696K, reserved 1179648K
  class space    used 14542K, committed 15744K, reserved 1048576K
}
Event: 186.808 GC heap before
{Heap before GC invocations=59 (full 0):
 garbage-first heap   total 224256K, used 203557K [0x0000000080000000, 0x0000000100000000)
  region size 1024K, 76 young (77824K), 6 survivors (6144K)
 Metaspace       used 107461K, committed 109760K, reserved 1179648K
  class space    used 14556K, committed 15744K, reserved 1048576K
}
Event: 186.821 GC heap after
{Heap after GC invocations=60 (full 0):
 garbage-first heap   total 224256K, used 135705K [0x0000000080000000, 0x0000000100000000)
  region size 1024K, 8 young (8192K), 8 survivors (8192K)
 Metaspace       used 107461K, committed 109760K, reserved 1179648K
  class space    used 14556K, committed 15744K, reserved 1048576K
}

